Eventor/app/build/intermediates/manifest_merge_blame_file/debug/manifest-merger-blame-debug-report.txt
1<?xml version="1.0" encoding="utf-8"?>
2<manifest xmlns:android="http://schemas.android.com/apk/res/android"
3    package="com.example.eventor"
4    android:versionCode="1"
5    android:versionName="1.0" >
6
7    <uses-sdk
8        android:minSdkVersion="21"
8-->src\main\AndroidManifest.xml
9        android:targetSdkVersion="29" />
9-->src\main\AndroidManifest.xml
10
11    <uses-permission android:name="android.permission.INTERNET" />
11-->src\main\AndroidManifest.xml:4:5-67
11-->src\main\AndroidManifest.xml:4:22-64
12    <uses-permission android:name="android.permission.READ_CONTACTS" />
12-->src\main\AndroidManifest.xml:6:5-74
12-->src\main\AndroidManifest.xml:6:22-71
13
14    <!-- Although the *SdkVersion is captured in gradle build files, this is required for non gradle builds -->
15    <!-- <uses-sdk android:minSdkVersion="14"/> -->
16    <uses-permission android:name="android.permission.ACCESS_NETWORK_STATE" />
16-->[com.google.firebase:firebase-database:19.2.0] AndroidManifest.xml:25:5-79
16-->[com.google.firebase:firebase-database:19.2.0] AndroidManifest.xml:25:22-76
17    <uses-permission android:name="android.permission.WAKE_LOCK" /> <!-- Required by older versions of Google Play services to create IID tokens -->
17-->[com.google.android.gms:play-services-measurement-api:17.2.0] AndroidManifest.xml:24:5-68
17-->[com.google.android.gms:play-services-measurement-api:17.2.0] AndroidManifest.xml:24:22-65
18    <uses-permission android:name="com.google.android.c2dm.permission.RECEIVE" />
18-->[com.google.firebase:firebase-iid:19.0.0] AndroidManifest.xml:26:5-82
18-->[com.google.firebase:firebase-iid:19.0.0] AndroidManifest.xml:26:22-79
19    <uses-permission android:name="com.google.android.finsky.permission.BIND_GET_INSTALL_REFERRER_SERVICE" />
19-->[com.google.android.gms:play-services-measurement:17.2.0] AndroidManifest.xml:26:5-110
19-->[com.google.android.gms:play-services-measurement:17.2.0] AndroidManifest.xml:26:22-107
20
21    <application
21-->src\main\AndroidManifest.xml:7:5-25:19
22        android:allowBackup="true"
22-->src\main\AndroidManifest.xml:8:9-35
23        android:appComponentFactory="androidx.core.app.CoreComponentFactory"
23-->[androidx.core:core:1.0.1] AndroidManifest.xml:22:18-86
24        android:debuggable="true"
25        android:icon="@mipmap/ic_launcher"
25-->src\main\AndroidManifest.xml:9:9-43
26        android:label="@string/app_name"
26-->src\main\AndroidManifest.xml:10:9-41
27        android:roundIcon="@mipmap/ic_launcher_round"
27-->src\main\AndroidManifest.xml:11:9-54
28        android:supportsRtl="true"
28-->src\main\AndroidManifest.xml:12:9-35
29        android:testOnly="true"
30        android:theme="@style/AppTheme" >
30-->src\main\AndroidManifest.xml:13:9-40
31        <activity android:name="com.example.eventor.EventActivity" />
31-->src\main\AndroidManifest.xml:14:9-51
31-->src\main\AndroidManifest.xml:14:19-48
32        <activity android:name="com.example.eventor.ContactsActivity" />
32-->src\main\AndroidManifest.xml:15:9-54
32-->src\main\AndroidManifest.xml:15:19-51
33        <activity android:name="com.example.eventor.CreateEventActivity" />
33-->src\main\AndroidManifest.xml:16:9-57
33-->src\main\AndroidManifest.xml:16:19-54
34        <activity android:name="com.example.eventor.SignInActivity" />
34-->src\main\AndroidManifest.xml:17:9-52
34-->src\main\AndroidManifest.xml:17:19-49
35        <activity android:name="com.example.eventor.MainActivity" >
35-->src\main\AndroidManifest.xml:18:9-24:20
35-->src\main\AndroidManifest.xml:18:19-47
36            <intent-filter>
36-->src\main\AndroidManifest.xml:19:13-23:29
37                <action android:name="android.intent.action.MAIN" />
37-->src\main\AndroidManifest.xml:20:17-69
37-->src\main\AndroidManifest.xml:20:25-66
38
39                <category android:name="android.intent.category.LAUNCHER" />
39-->src\main\AndroidManifest.xml:22:17-77
39-->src\main\AndroidManifest.xml:22:27-74
40            </intent-filter>
41        </activity>
42        <!--
43             FirebaseMessagingService performs security checks at runtime,
44             but set to not exported to explicitly avoid allowing another app to call it.
45        -->
46        <service
46-->[com.google.firebase:firebase-messaging:19.0.0] AndroidManifest.xml:28:9-34:19
47            android:name="com.google.firebase.messaging.FirebaseMessagingService"
47-->[com.google.firebase:firebase-messaging:19.0.0] AndroidManifest.xml:29:13-82
48            android:exported="false" >
48-->[com.google.firebase:firebase-messaging:19.0.0] AndroidManifest.xml:30:13-37
49            <intent-filter android:priority="-500" >
49-->[com.google.firebase:firebase-messaging:19.0.0] AndroidManifest.xml:31:13-33:29
49-->[com.google.firebase:firebase-messaging:19.0.0] AndroidManifest.xml:31:28-51
50                <action android:name="com.google.firebase.MESSAGING_EVENT" />
50-->[com.google.firebase:firebase-messaging:19.0.0] AndroidManifest.xml:32:17-78
50-->[com.google.firebase:firebase-messaging:19.0.0] AndroidManifest.xml:32:25-75
51            </intent-filter>
52        </service>
53        <service
53-->[com.google.firebase:firebase-database:19.2.0] AndroidManifest.xml:29:9-35:19
54            android:name="com.google.firebase.components.ComponentDiscoveryService"
54-->[com.google.firebase:firebase-database:19.2.0] AndroidManifest.xml:30:13-84
55            android:directBootAware="true"
55-->[com.google.firebase:firebase-common:19.2.0] AndroidManifest.xml:15:13-43
56            android:exported="false" >
56-->[com.google.firebase:firebase-database:19.2.0] AndroidManifest.xml:31:13-37
57            <meta-data
57-->[com.google.firebase:firebase-database:19.2.0] AndroidManifest.xml:32:13-34:85
58                android:name="com.google.firebase.components:com.google.firebase.database.DatabaseRegistrar"
58-->[com.google.firebase:firebase-database:19.2.0] AndroidManifest.xml:33:17-109
59                android:value="com.google.firebase.components.ComponentRegistrar" />
59-->[com.google.firebase:firebase-database:19.2.0] AndroidManifest.xml:34:17-82
60            <meta-data
60-->[com.google.firebase:firebase-auth:19.1.0] AndroidManifest.xml:36:13-38:85
61                android:name="com.google.firebase.components:com.google.firebase.auth.FirebaseAuthRegistrar"
61-->[com.google.firebase:firebase-auth:19.1.0] AndroidManifest.xml:37:17-109
62                android:value="com.google.firebase.components.ComponentRegistrar" />
62-->[com.google.firebase:firebase-auth:19.1.0] AndroidManifest.xml:38:17-82
63            <meta-data
63-->[com.google.android.gms:play-services-measurement-api:17.2.0] AndroidManifest.xml:30:13-32:85
64                android:name="com.google.firebase.components:com.google.firebase.analytics.connector.internal.AnalyticsConnectorRegistrar"
64-->[com.google.android.gms:play-services-measurement-api:17.2.0] AndroidManifest.xml:31:17-139
65                android:value="com.google.firebase.components.ComponentRegistrar" />
65-->[com.google.android.gms:play-services-measurement-api:17.2.0] AndroidManifest.xml:32:17-82
66            <meta-data
66-->[com.google.firebase:firebase-iid:19.0.0] AndroidManifest.xml:32:13-34:85
67                android:name="com.google.firebase.components:com.google.firebase.iid.Registrar"
67-->[com.google.firebase:firebase-iid:19.0.0] AndroidManifest.xml:33:17-96
68                android:value="com.google.firebase.components.ComponentRegistrar" />
68-->[com.google.firebase:firebase-iid:19.0.0] AndroidManifest.xml:34:17-82
69        </service>
70
71        <activity
71-->[com.google.firebase:firebase-auth:19.1.0] AndroidManifest.xml:24:9-31:50
72            android:name="com.google.firebase.auth.internal.FederatedSignInActivity"
72-->[com.google.firebase:firebase-auth:19.1.0] AndroidManifest.xml:25:13-85
73            android:excludeFromRecents="true"
73-->[com.google.firebase:firebase-auth:19.1.0] AndroidManifest.xml:26:13-46
74            android:exported="true"
74-->[com.google.firebase:firebase-auth:19.1.0] AndroidManifest.xml:27:13-36
75            android:launchMode="singleTask"
75-->[com.google.firebase:firebase-auth:19.1.0] AndroidManifest.xml:28:13-44
76            android:permission="com.google.firebase.auth.api.gms.permission.LAUNCH_FEDERATED_SIGN_IN"
76-->[com.google.firebase:firebase-auth:19.1.0] AndroidManifest.xml:29:13-102
77            android:theme="@android:style/Theme.Translucent.NoTitleBar" />
77-->[com.google.firebase:firebase-auth:19.1.0] AndroidManifest.xml:30:13-72
78        <activity
78-->[com.google.android.gms:play-services-auth:17.0.0] AndroidManifest.xml:23:9-27:75
79            android:name="com.google.android.gms.auth.api.signin.internal.SignInHubActivity"
79-->[com.google.android.gms:play-services-auth:17.0.0] AndroidManifest.xml:24:13-93
80            android:excludeFromRecents="true"
80-->[com.google.android.gms:play-services-auth:17.0.0] AndroidManifest.xml:25:13-46
81            android:exported="false"
81-->[com.google.android.gms:play-services-auth:17.0.0] AndroidManifest.xml:26:13-37
82            android:theme="@android:style/Theme.Translucent.NoTitleBar" />
82-->[com.google.android.gms:play-services-auth:17.0.0] AndroidManifest.xml:27:13-72
83        <!--
84            Service handling Google Sign-In user revocation. For apps that do not integrate with
85            Google Sign-In, this service will never be started.
86        -->
87        <service
87-->[com.google.android.gms:play-services-auth:17.0.0] AndroidManifest.xml:33:9-36:110
88            android:name="com.google.android.gms.auth.api.signin.RevocationBoundService"
88-->[com.google.android.gms:play-services-auth:17.0.0] AndroidManifest.xml:34:13-89
89            android:exported="true"
89-->[com.google.android.gms:play-services-auth:17.0.0] AndroidManifest.xml:35:13-36
90            android:permission="com.google.android.gms.auth.api.signin.permission.REVOCATION_NOTIFICATION" />
90-->[com.google.android.gms:play-services-auth:17.0.0] AndroidManifest.xml:36:13-107
91
92        <receiver
92-->[com.google.firebase:firebase-iid:19.0.0] AndroidManifest.xml:37:9-44:20
93            android:name="com.google.firebase.iid.FirebaseInstanceIdReceiver"
93-->[com.google.firebase:firebase-iid:19.0.0] AndroidManifest.xml:38:13-78
94            android:exported="true"
94-->[com.google.firebase:firebase-iid:19.0.0] AndroidManifest.xml:39:13-36
95            android:permission="com.google.android.c2dm.permission.SEND" >
95-->[com.google.firebase:firebase-iid:19.0.0] AndroidManifest.xml:40:13-73
96            <intent-filter>
96-->[com.google.firebase:firebase-iid:19.0.0] AndroidManifest.xml:41:13-43:29
97                <action android:name="com.google.android.c2dm.intent.RECEIVE" />
97-->[com.google.firebase:firebase-iid:19.0.0] AndroidManifest.xml:42:17-81
97-->[com.google.firebase:firebase-iid:19.0.0] AndroidManifest.xml:42:25-78
98            </intent-filter>
99        </receiver>
100
101        <provider
101-->[com.google.firebase:firebase-common:19.2.0] AndroidManifest.xml:19:9-23:39
102            android:name="com.google.firebase.provider.FirebaseInitProvider"
102-->[com.google.firebase:firebase-common:19.2.0] AndroidManifest.xml:20:13-77
103            android:authorities="com.example.eventor.firebaseinitprovider"
103-->[com.google.firebase:firebase-common:19.2.0] AndroidManifest.xml:21:13-72
104            android:exported="false"
104-->[com.google.firebase:firebase-common:19.2.0] AndroidManifest.xml:22:13-37
105            android:initOrder="100" />
105-->[com.google.firebase:firebase-common:19.2.0] AndroidManifest.xml:23:13-36
106
107        <activity
107-->[com.google.android.gms:play-services-base:17.1.0] AndroidManifest.xml:23:9-26:75
108            android:name="com.google.android.gms.common.api.GoogleApiActivity"
108-->[com.google.android.gms:play-services-base:17.1.0] AndroidManifest.xml:24:13-79
109            android:exported="false"
109-->[com.google.android.gms:play-services-base:17.1.0] AndroidManifest.xml:25:13-37
110            android:theme="@android:style/Theme.Translucent.NoTitleBar" />
110-->[com.google.android.gms:play-services-base:17.1.0] AndroidManifest.xml:26:13-72
111
112        <receiver
112-->[com.google.android.gms:play-services-measurement:17.2.0] AndroidManifest.xml:29:9-33:20
113            android:name="com.google.android.gms.measurement.AppMeasurementReceiver"
113-->[com.google.android.gms:play-services-measurement:17.2.0] AndroidManifest.xml:30:13-85
114            android:enabled="true"
114-->[com.google.android.gms:play-services-measurement:17.2.0] AndroidManifest.xml:31:13-35
115            android:exported="false" >
115-->[com.google.android.gms:play-services-measurement:17.2.0] AndroidManifest.xml:32:13-37
116        </receiver>
117        <receiver
117-->[com.google.android.gms:play-services-measurement:17.2.0] AndroidManifest.xml:34:9-42:20
118            android:name="com.google.android.gms.measurement.AppMeasurementInstallReferrerReceiver"
118-->[com.google.android.gms:play-services-measurement:17.2.0] AndroidManifest.xml:35:13-100
119            android:enabled="true"
119-->[com.google.android.gms:play-services-measurement:17.2.0] AndroidManifest.xml:36:13-35
120            android:exported="true"
120-->[com.google.android.gms:play-services-measurement:17.2.0] AndroidManifest.xml:37:13-36
121            android:permission="android.permission.INSTALL_PACKAGES" >
121-->[com.google.android.gms:play-services-measurement:17.2.0] AndroidManifest.xml:38:13-69
122            <intent-filter>
122-->[com.google.android.gms:play-services-measurement:17.2.0] AndroidManifest.xml:39:13-41:29
123                <action android:name="com.android.vending.INSTALL_REFERRER" />
123-->[com.google.android.gms:play-services-measurement:17.2.0] AndroidManifest.xml:40:17-79
123-->[com.google.android.gms:play-services-measurement:17.2.0] AndroidManifest.xml:40:25-76
124            </intent-filter>
125        </receiver>
126
127        <service
127-->[com.google.android.gms:play-services-measurement:17.2.0] AndroidManifest.xml:44:9-47:40
128            android:name="com.google.android.gms.measurement.AppMeasurementService"
128-->[com.google.android.gms:play-services-measurement:17.2.0] AndroidManifest.xml:45:13-84
129            android:enabled="true"
129-->[com.google.android.gms:play-services-measurement:17.2.0] AndroidManifest.xml:46:13-35
130            android:exported="false" />
130-->[com.google.android.gms:play-services-measurement:17.2.0] AndroidManifest.xml:47:13-37
131        <service
131-->[com.google.android.gms:play-services-measurement:17.2.0] AndroidManifest.xml:48:9-52:72
132            android:name="com.google.android.gms.measurement.AppMeasurementJobService"
132-->[com.google.android.gms:play-services-measurement:17.2.0] AndroidManifest.xml:49:13-87
133            android:enabled="true"
133-->[com.google.android.gms:play-services-measurement:17.2.0] AndroidManifest.xml:50:13-35
134            android:exported="false"
134-->[com.google.android.gms:play-services-measurement:17.2.0] AndroidManifest.xml:51:13-37
135            android:permission="android.permission.BIND_JOB_SERVICE" />
135-->[com.google.android.gms:play-services-measurement:17.2.0] AndroidManifest.xml:52:13-69
136
137        <meta-data
137-->[com.google.android.gms:play-services-basement:17.0.0] AndroidManifest.xml:23:9-25:69
138            android:name="com.google.android.gms.version"
138-->[com.google.android.gms:play-services-basement:17.0.0] AndroidManifest.xml:24:13-58
139            android:value="@integer/google_play_services_version" />
139-->[com.google.android.gms:play-services-basement:17.0.0] AndroidManifest.xml:25:13-66
140
141        <provider
141-->[androidx.lifecycle:lifecycle-process:2.0.0] AndroidManifest.xml:23:9-27:43
142            android:name="androidx.lifecycle.ProcessLifecycleOwnerInitializer"
142-->[androidx.lifecycle:lifecycle-process:2.0.0] AndroidManifest.xml:24:13-79
143            android:authorities="com.example.eventor.lifecycle-process"
143-->[androidx.lifecycle:lifecycle-process:2.0.0] AndroidManifest.xml:25:13-69
144            android:exported="false"
144-->[androidx.lifecycle:lifecycle-process:2.0.0] AndroidManifest.xml:26:13-37
145            android:multiprocess="true" />
145-->[androidx.lifecycle:lifecycle-process:2.0.0] AndroidManifest.xml:27:13-40
146    </application>
147
148</manifest>